[INFO] Scanning for projects...
[WARNING] 
[WARNING] Some problems were encountered while building the effective model for org.example:spark:jar:1.0-SNAPSHOT
[WARNING] 'build.plugins.plugin.version' for org.apache.maven.plugins:maven-compiler-plugin is missing. @ org.example:cento:1.0-SNAPSHOT, /Users/jixie/sbox/cento/pom.xml, line 33, column 21
[WARNING] 
[WARNING] It is highly recommended to fix these problems because they threaten the stability of your build.
[WARNING] 
[WARNING] For this reason, future Maven versions might no longer support building such malformed projects.
[WARNING] 
[INFO] 
[INFO] -------------------------< org.example:spark >--------------------------
[INFO] Building spark 1.0-SNAPSHOT
[INFO] --------------------------------[ jar ]---------------------------------
[INFO] 
[INFO] --- maven-dependency-plugin:2.8:tree (default-cli) @ spark ---
[WARNING] The artifact xml-apis:xml-apis:jar:2.0.2 has been relocated to xml-apis:xml-apis:jar:1.0.b2
[INFO] org.example:spark:jar:1.0-SNAPSHOT
[INFO] +- com.fasterxml.jackson.core:jackson-databind:jar:2.12.7:compile
[INFO] |  +- com.fasterxml.jackson.core:jackson-annotations:jar:2.12.7:compile
[INFO] |  \- com.fasterxml.jackson.core:jackson-core:jar:2.12.7:compile
[INFO] +- org.scala-lang:scala-library:jar:2.12.8:compile
[INFO] +- org.apache.spark:spark-core_2.12:jar:3.2.0:compile
[INFO] |  +- org.apache.avro:avro-mapred:jar:1.10.2:compile
[INFO] |  |  \- org.apache.avro:avro-ipc:jar:1.10.2:compile
[INFO] |  +- com.twitter:chill_2.12:jar:0.10.0:compile
[INFO] |  |  \- com.esotericsoftware:kryo-shaded:jar:4.0.2:compile
[INFO] |  |     +- com.esotericsoftware:minlog:jar:1.3.0:compile
[INFO] |  |     \- org.objenesis:objenesis:jar:2.5.1:compile
[INFO] |  +- com.twitter:chill-java:jar:0.10.0:compile
[INFO] |  +- org.apache.xbean:xbean-asm9-shaded:jar:4.20:compile
[INFO] |  +- org.apache.hadoop:hadoop-client-api:jar:3.3.1:compile
[INFO] |  +- org.apache.hadoop:hadoop-client-runtime:jar:3.3.1:compile
[INFO] |  +- org.apache.spark:spark-launcher_2.12:jar:3.2.0:compile
[INFO] |  +- org.apache.spark:spark-kvstore_2.12:jar:3.2.0:compile
[INFO] |  |  \- org.fusesource.leveldbjni:leveldbjni-all:jar:1.8:compile
[INFO] |  +- org.apache.spark:spark-network-common_2.12:jar:3.2.0:compile
[INFO] |  |  \- com.google.crypto.tink:tink:jar:1.6.0:compile
[INFO] |  +- org.apache.spark:spark-network-shuffle_2.12:jar:3.2.0:compile
[INFO] |  +- org.apache.spark:spark-unsafe_2.12:jar:3.2.0:compile
[INFO] |  +- javax.activation:activation:jar:1.1.1:compile
[INFO] |  +- org.apache.curator:curator-recipes:jar:2.13.0:compile
[INFO] |  |  \- org.apache.curator:curator-framework:jar:2.13.0:compile
[INFO] |  +- org.apache.zookeeper:zookeeper:jar:3.6.2:compile
[INFO] |  |  \- org.apache.zookeeper:zookeeper-jute:jar:3.6.2:compile
[INFO] |  +- jakarta.servlet:jakarta.servlet-api:jar:4.0.3:compile
[INFO] |  +- commons-codec:commons-codec:jar:1.15:compile
[INFO] |  +- org.apache.commons:commons-lang3:jar:3.12.0:compile
[INFO] |  +- org.apache.commons:commons-math3:jar:3.4.1:compile
[INFO] |  +- org.apache.commons:commons-text:jar:1.6:compile
[INFO] |  +- commons-io:commons-io:jar:2.8.0:compile
[INFO] |  +- commons-collections:commons-collections:jar:3.2.2:compile
[INFO] |  +- com.google.code.findbugs:jsr305:jar:3.0.0:compile
[INFO] |  +- org.slf4j:slf4j-api:jar:1.7.30:compile
[INFO] |  +- org.slf4j:jul-to-slf4j:jar:1.7.30:compile
[INFO] |  +- org.slf4j:jcl-over-slf4j:jar:1.7.30:compile
[INFO] |  +- log4j:log4j:jar:1.2.17:compile
[INFO] |  +- org.slf4j:slf4j-log4j12:jar:1.7.30:compile
[INFO] |  +- com.ning:compress-lzf:jar:1.0.3:compile
[INFO] |  +- org.xerial.snappy:snappy-java:jar:1.1.8.4:compile
[INFO] |  +- org.lz4:lz4-java:jar:1.7.1:compile
[INFO] |  +- com.github.luben:zstd-jni:jar:1.5.0-4:compile
[INFO] |  +- org.roaringbitmap:RoaringBitmap:jar:0.9.0:compile
[INFO] |  |  \- org.roaringbitmap:shims:jar:0.9.0:runtime
[INFO] |  +- commons-net:commons-net:jar:3.1:compile
[INFO] |  +- org.scala-lang.modules:scala-xml_2.12:jar:1.2.0:compile
[INFO] |  +- org.scala-lang:scala-reflect:jar:2.12.15:compile
[INFO] |  +- org.json4s:json4s-jackson_2.12:jar:3.7.0-M11:compile
[INFO] |  |  \- org.json4s:json4s-core_2.12:jar:3.7.0-M11:compile
[INFO] |  |     +- org.json4s:json4s-ast_2.12:jar:3.7.0-M11:compile
[INFO] |  |     \- org.json4s:json4s-scalap_2.12:jar:3.7.0-M11:compile
[INFO] |  +- org.glassfish.jersey.core:jersey-client:jar:2.34:compile
[INFO] |  |  +- jakarta.ws.rs:jakarta.ws.rs-api:jar:2.1.6:compile
[INFO] |  |  \- org.glassfish.hk2.external:jakarta.inject:jar:2.6.1:compile
[INFO] |  +- org.glassfish.jersey.core:jersey-common:jar:2.34:compile
[INFO] |  |  +- jakarta.annotation:jakarta.annotation-api:jar:1.3.5:compile
[INFO] |  |  \- org.glassfish.hk2:osgi-resource-locator:jar:1.0.3:compile
[INFO] |  +- org.glassfish.jersey.core:jersey-server:jar:2.34:compile
[INFO] |  |  \- jakarta.validation:jakarta.validation-api:jar:2.0.2:compile
[INFO] |  +- org.glassfish.jersey.containers:jersey-container-servlet:jar:2.34:compile
[INFO] |  +- org.glassfish.jersey.containers:jersey-container-servlet-core:jar:2.34:compile
[INFO] |  +- org.glassfish.jersey.inject:jersey-hk2:jar:2.34:compile
[INFO] |  |  +- org.glassfish.hk2:hk2-locator:jar:2.6.1:compile
[INFO] |  |  |  +- org.glassfish.hk2.external:aopalliance-repackaged:jar:2.6.1:compile
[INFO] |  |  |  +- org.glassfish.hk2:hk2-api:jar:2.6.1:compile
[INFO] |  |  |  \- org.glassfish.hk2:hk2-utils:jar:2.6.1:compile
[INFO] |  |  \- org.javassist:javassist:jar:3.25.0-GA:compile
[INFO] |  +- io.netty:netty-all:jar:4.1.68.Final:compile
[INFO] |  +- com.clearspring.analytics:stream:jar:2.9.6:compile
[INFO] |  +- io.dropwizard.metrics:metrics-core:jar:4.2.0:compile
[INFO] |  +- io.dropwizard.metrics:metrics-jvm:jar:4.2.0:compile
[INFO] |  +- io.dropwizard.metrics:metrics-json:jar:4.2.0:compile
[INFO] |  +- io.dropwizard.metrics:metrics-graphite:jar:4.2.0:compile
[INFO] |  +- io.dropwizard.metrics:metrics-jmx:jar:4.2.0:compile
[INFO] |  +- com.fasterxml.jackson.module:jackson-module-scala_2.12:jar:2.12.3:compile
[INFO] |  +- org.apache.ivy:ivy:jar:2.5.0:compile
[INFO] |  +- oro:oro:jar:2.0.8:compile
[INFO] |  +- net.razorvine:pyrolite:jar:4.30:compile
[INFO] |  +- net.sf.py4j:py4j:jar:0.10.9.2:compile
[INFO] |  +- org.apache.spark:spark-tags_2.12:jar:3.2.0:compile
[INFO] |  +- org.apache.commons:commons-crypto:jar:1.1.0:compile
[INFO] |  \- org.spark-project.spark:unused:jar:1.0.0:compile
[INFO] +- org.apache.spark:spark-sql_2.12:jar:3.2.0:compile
[INFO] |  +- org.rocksdb:rocksdbjni:jar:6.20.3:compile
[INFO] |  +- com.univocity:univocity-parsers:jar:2.9.1:compile
[INFO] |  +- org.apache.spark:spark-sketch_2.12:jar:3.2.0:compile
[INFO] |  +- org.apache.spark:spark-catalyst_2.12:jar:3.2.0:compile
[INFO] |  |  +- org.scala-lang.modules:scala-parser-combinators_2.12:jar:1.1.2:compile
[INFO] |  |  +- org.codehaus.janino:janino:jar:3.0.16:compile
[INFO] |  |  +- org.codehaus.janino:commons-compiler:jar:3.0.16:compile
[INFO] |  |  +- org.antlr:antlr4-runtime:jar:4.8:compile
[INFO] |  |  +- javax.xml.bind:jaxb-api:jar:2.2.11:compile
[INFO] |  |  +- org.apache.arrow:arrow-vector:jar:2.0.0:compile
[INFO] |  |  |  +- org.apache.arrow:arrow-format:jar:2.0.0:compile
[INFO] |  |  |  +- org.apache.arrow:arrow-memory-core:jar:2.0.0:compile
[INFO] |  |  |  \- com.google.flatbuffers:flatbuffers-java:jar:1.9.0:compile
[INFO] |  |  \- org.apache.arrow:arrow-memory-netty:jar:2.0.0:compile
[INFO] |  +- org.apache.orc:orc-core:jar:1.6.11:compile
[INFO] |  |  +- org.apache.orc:orc-shims:jar:1.6.11:compile
[INFO] |  |  +- io.airlift:aircompressor:jar:0.21:compile
[INFO] |  |  +- org.jetbrains:annotations:jar:17.0.0:compile
[INFO] |  |  \- org.threeten:threeten-extra:jar:1.5.0:compile
[INFO] |  +- org.apache.orc:orc-mapreduce:jar:1.6.11:compile
[INFO] |  +- org.apache.hive:hive-storage-api:jar:2.7.2:compile
[INFO] |  +- org.apache.parquet:parquet-column:jar:1.12.1:compile
[INFO] |  |  +- org.apache.parquet:parquet-common:jar:1.12.1:compile
[INFO] |  |  \- org.apache.parquet:parquet-encoding:jar:1.12.1:compile
[INFO] |  \- org.apache.parquet:parquet-hadoop:jar:1.12.1:compile
[INFO] |     +- org.apache.parquet:parquet-format-structures:jar:1.12.1:compile
[INFO] |     \- org.apache.parquet:parquet-jackson:jar:1.12.1:compile
[INFO] +- org.apache.spark:spark-sql-kafka-0-10_2.12:jar:3.2.0:compile
[INFO] |  +- org.apache.spark:spark-token-provider-kafka-0-10_2.12:jar:3.2.0:compile
[INFO] |  +- org.apache.kafka:kafka-clients:jar:2.8.0:compile
[INFO] |  \- org.apache.commons:commons-pool2:jar:2.6.2:compile
[INFO] +- org.apache.avro:avro:jar:1.7.7:compile
[INFO] |  +- org.codehaus.jackson:jackson-core-asl:jar:1.9.13:compile
[INFO] |  +- org.codehaus.jackson:jackson-mapper-asl:jar:1.9.13:compile
[INFO] |  +- com.thoughtworks.paranamer:paranamer:jar:2.3:compile
[INFO] |  \- org.apache.commons:commons-compress:jar:1.4.1:compile
[INFO] |     \- org.tukaani:xz:jar:1.0:compile
[INFO] +- org.apache.hadoop:hadoop-common:jar:2.7.3:compile
[INFO] |  +- org.apache.hadoop:hadoop-annotations:jar:2.7.3:compile
[INFO] |  |  \- jdk.tools:jdk.tools:jar:1.8:system
[INFO] |  +- com.google.guava:guava:jar:11.0.2:compile
[INFO] |  +- commons-cli:commons-cli:jar:1.2:compile
[INFO] |  +- xmlenc:xmlenc:jar:0.52:compile
[INFO] |  +- commons-httpclient:commons-httpclient:jar:3.1:compile
[INFO] |  +- javax.servlet:servlet-api:jar:2.5:compile
[INFO] |  +- org.mortbay.jetty:jetty:jar:6.1.26:compile
[INFO] |  +- org.mortbay.jetty:jetty-util:jar:6.1.26:compile
[INFO] |  +- javax.servlet.jsp:jsp-api:jar:2.1:runtime
[INFO] |  +- com.sun.jersey:jersey-core:jar:1.9:compile
[INFO] |  +- com.sun.jersey:jersey-json:jar:1.9:compile
[INFO] |  |  +- org.codehaus.jettison:jettison:jar:1.1:compile
[INFO] |  |  +- com.sun.xml.bind:jaxb-impl:jar:2.2.3-1:compile
[INFO] |  |  +- org.codehaus.jackson:jackson-jaxrs:jar:1.8.3:compile
[INFO] |  |  \- org.codehaus.jackson:jackson-xc:jar:1.8.3:compile
[INFO] |  +- com.sun.jersey:jersey-server:jar:1.9:compile
[INFO] |  |  \- asm:asm:jar:3.1:compile
[INFO] |  +- commons-logging:commons-logging:jar:1.1.3:compile
[INFO] |  +- net.java.dev.jets3t:jets3t:jar:0.9.0:compile
[INFO] |  |  +- org.apache.httpcomponents:httpclient:jar:4.1.2:compile
[INFO] |  |  +- org.apache.httpcomponents:httpcore:jar:4.1.2:compile
[INFO] |  |  \- com.jamesmurty.utils:java-xmlbuilder:jar:0.4:compile
[INFO] |  +- commons-lang:commons-lang:jar:2.6:compile
[INFO] |  +- commons-configuration:commons-configuration:jar:1.6:compile
[INFO] |  |  +- commons-digester:commons-digester:jar:1.8:compile
[INFO] |  |  |  \- commons-beanutils:commons-beanutils:jar:1.7.0:compile
[INFO] |  |  \- commons-beanutils:commons-beanutils-core:jar:1.8.0:compile
[INFO] |  +- com.google.protobuf:protobuf-java:jar:2.5.0:compile
[INFO] |  +- com.google.code.gson:gson:jar:2.2.4:compile
[INFO] |  +- org.apache.hadoop:hadoop-auth:jar:2.7.3:compile
[INFO] |  |  \- org.apache.directory.server:apacheds-kerberos-codec:jar:2.0.0-M15:compile
[INFO] |  |     +- org.apache.directory.server:apacheds-i18n:jar:2.0.0-M15:compile
[INFO] |  |     +- org.apache.directory.api:api-asn1-api:jar:1.0.0-M20:compile
[INFO] |  |     \- org.apache.directory.api:api-util:jar:1.0.0-M20:compile
[INFO] |  +- com.jcraft:jsch:jar:0.1.42:compile
[INFO] |  +- org.apache.curator:curator-client:jar:2.7.1:compile
[INFO] |  \- org.apache.htrace:htrace-core:jar:3.1.0-incubating:compile
[INFO] +- org.apache.hbase:hbase-common:jar:2.1.7:compile
[INFO] |  +- org.apache.hbase.thirdparty:hbase-shaded-miscellaneous:jar:2.1.0:compile
[INFO] |  +- org.apache.htrace:htrace-core4:jar:4.2.0-incubating:compile
[INFO] |  +- com.github.stephenc.findbugs:findbugs-annotations:jar:1.3.9-1:compile
[INFO] |  \- org.apache.yetus:audience-annotations:jar:0.5.0:compile
[INFO] +- org.apache.hbase:hbase-server:jar:2.1.7:compile
[INFO] |  +- org.apache.hbase.thirdparty:hbase-shaded-protobuf:jar:2.1.0:compile
[INFO] |  +- org.apache.hbase.thirdparty:hbase-shaded-netty:jar:2.1.0:compile
[INFO] |  +- org.apache.hbase:hbase-http:jar:2.1.7:compile
[INFO] |  |  +- org.eclipse.jetty:jetty-util:jar:9.3.27.v20190418:compile
[INFO] |  |  +- org.eclipse.jetty:jetty-util-ajax:jar:9.3.27.v20190418:compile
[INFO] |  |  +- org.eclipse.jetty:jetty-http:jar:9.3.27.v20190418:compile
[INFO] |  |  +- org.eclipse.jetty:jetty-security:jar:9.3.27.v20190418:compile
[INFO] |  |  \- javax.ws.rs:javax.ws.rs-api:jar:2.0.1:compile
[INFO] |  +- org.apache.hbase:hbase-protocol:jar:2.1.7:compile
[INFO] |  +- org.apache.hbase:hbase-protocol-shaded:jar:2.1.7:compile
[INFO] |  +- org.apache.hbase:hbase-procedure:jar:2.1.7:compile
[INFO] |  +- org.apache.hbase:hbase-zookeeper:jar:2.1.7:compile
[INFO] |  +- org.apache.hbase:hbase-replication:jar:2.1.7:compile
[INFO] |  +- org.apache.hbase:hbase-metrics-api:jar:2.1.7:compile
[INFO] |  +- org.apache.hbase:hbase-metrics:jar:2.1.7:compile
[INFO] |  +- org.apache.hbase:hbase-hadoop-compat:jar:2.1.7:compile
[INFO] |  +- org.apache.hbase:hbase-hadoop2-compat:jar:2.1.7:compile
[INFO] |  +- org.eclipse.jetty:jetty-server:jar:9.3.27.v20190418:compile
[INFO] |  |  \- org.eclipse.jetty:jetty-io:jar:9.3.27.v20190418:compile
[INFO] |  +- org.eclipse.jetty:jetty-servlet:jar:9.3.27.v20190418:compile
[INFO] |  +- org.eclipse.jetty:jetty-webapp:jar:9.3.27.v20190418:compile
[INFO] |  |  \- org.eclipse.jetty:jetty-xml:jar:9.3.27.v20190418:compile
[INFO] |  +- org.glassfish.web:javax.servlet.jsp:jar:2.3.2:compile
[INFO] |  |  \- org.glassfish:javax.el:jar:3.0.1-b12:compile (version selected from constraint [3.0.0,))
[INFO] |  +- javax.servlet.jsp:javax.servlet.jsp-api:jar:2.3.1:compile
[INFO] |  +- org.jamon:jamon-runtime:jar:2.4.1:compile
[INFO] |  +- javax.servlet:javax.servlet-api:jar:3.1.0:compile
[INFO] |  +- com.lmax:disruptor:jar:3.3.6:compile
[INFO] |  +- org.apache.hadoop:hadoop-distcp:jar:2.7.7:compile
[INFO] |  +- org.apache.hadoop:hadoop-mapreduce-client-core:jar:2.7.7:compile
[INFO] |  |  +- org.apache.hadoop:hadoop-yarn-common:jar:2.7.7:compile
[INFO] |  |  |  +- org.apache.hadoop:hadoop-yarn-api:jar:2.7.7:compile
[INFO] |  |  |  +- com.sun.jersey:jersey-client:jar:1.9:compile
[INFO] |  |  |  +- com.google.inject:guice:jar:3.0:compile
[INFO] |  |  |  |  +- javax.inject:javax.inject:jar:1:compile
[INFO] |  |  |  |  \- aopalliance:aopalliance:jar:1.0:compile
[INFO] |  |  |  \- com.sun.jersey.contribs:jersey-guice:jar:1.9:compile
[INFO] |  |  +- com.google.inject.extensions:guice-servlet:jar:3.0:compile
[INFO] |  |  \- io.netty:netty:jar:3.6.2.Final:compile
[INFO] |  \- org.apache.hadoop:hadoop-hdfs:jar:2.7.7:compile
[INFO] |     \- commons-daemon:commons-daemon:jar:1.0.13:compile
[INFO] +- org.apache.hbase:hbase-client:jar:2.1.7:compile
[INFO] |  +- org.jruby.jcodings:jcodings:jar:1.0.18:compile
[INFO] |  \- org.jruby.joni:joni:jar:2.1.11:compile
[INFO] \- org.projectlombok:lombok:jar:1.18.24:provided
[INFO] ------------------------------------------------------------------------
[INFO] BUILD SUCCESS
[INFO] ------------------------------------------------------------------------
[INFO] Total time:  1.052 s
[INFO] Finished at: 2024-12-08T16:21:35+08:00
[INFO] ------------------------------------------------------------------------
